digraph path {
	node [label="\N"];
	graph [bb="0,0,286.17,320"];
	0 [pos="74.17,301", width="0.75", height="0.52778"];
	2 [pos="74.17,19", width="0.75", height="0.52778"];
	4 [pos="241.17,19", width="0.75", height="0.52778"];
	1 [pos="74.17,207", width="0.75", height="0.52778"];
	3 [pos="168.17,113", width="0.75", height="0.52778"];
	1 -> 0 [label="  1.0", pos="e,74.17,281.98 74.17,226.32 74.17,239.42 74.17,256.99 74.17,271.79", lp="86.67,254"];
	4 -> 3 [label="  1.0", pos="e,189.79,101.26 236.85,37.822 233.46,49.645 227.84,64.734 219.17,76 213.51,83.353 206.01,89.895 198.5,95.357", lp="241.67,66"];
	3 -> 4 [label="  1.0", pos="e,253.44,36.106 194.85,109.97 215.97,106.01 244.16,96.911 258.17,76 264.33,66.805 262.35,55.317 257.97,45.068", lp="273.67,66"];
	3 -> 1 [label="  1.0", pos="e,99.063,199.34 164.49,132.03 161.34,144.08 155.74,159.35 146.17,170 136.04,181.27 121.67,189.61 108.43,195.49", lp="170.67,160"];
	1 -> 3 [label="  1.0", pos="e,147.72,125.78 85.374,189.47 93.42,177.61 104.96,161.98 117.17,150 123.79,143.5 131.62,137.25 139.14,131.79", lp="129.67,160"];
	3 -> 2 [label="  1.0", pos="e,99.063,26.658 164.49,93.973 161.34,81.918 155.74,66.65 146.17,56 136.04,44.73 121.67,36.39 108.43,30.511", lp="170.67,66"];
	2 -> 3 [label="  1.0", pos="e,147.72,100.22 85.374,36.529 93.42,48.39 104.96,64.017 117.17,76 123.79,82.499 131.62,88.752 139.14,94.21", lp="129.67,66"];
	2 -> 1 [label=" 10.0", pos="e,56.681,192.43 56.681,33.573 41.626,47.352 20.979,69.52 12.17,94 6.4522,109.89 6.4522,116.11 12.17,132 19.602,152.66 35.463,171.66\
 49.281,185.38", lp="26.17,113"];
	0 -> 1 [label="  1.0", pos="e,58.262,222.52 58.262,285.48 53.042,279.34 47.887,271.87 45.17,264 42.27,255.6 42.27,252.4 45.17,244 46.783,239.33 49.256,234.8\
 52.091,230.6", lp="57.67,254"];
	1 -> 2 [label=" 10.0", pos="e,74.17,38.111 74.17,187.94 74.17,155 74.17,87.234 74.17,48.281", lp="88.17,113"];
	1 -> 0 [color=blue, pos="e,88.731,284.87 88.731,223.13 93.318,229.23 97.803,236.51 100.17,244 102.85,252.48 102.85,255.52 100.17,264 98.839,268.21 96.837\
,272.36 94.524,276.26"];
	1 -> 3 [color=blue, pos="e,144.05,121.92 79.684,188.32 83.99,176.26 90.973,160.85 101.17,150 110.5,140.07 123.12,132.15 134.88,126.24"];
	3 -> 2 [color=blue, pos="e,79.684,37.678 144.05,104.08 130.09,97.933 113,88.588 101.17,76 93.522,67.861 87.682,57.159 83.424,47.228"];
	3 -> 4 [color=blue, pos="e,227.99,35.977 181.22,96.195 192.47,81.715 208.86,60.603 221.66,44.117"];
	1 -> 2 [color=red, pos="e,51.227,29.317 51.227,196.68 39.601,190.43 26.094,181.44 17.17,170 6.1934,155.92 7.0988,149.61 4.1703,132 -1.4521,98.196 -3.9033\
,83.023 17.17,56 23.933,47.328 33.328,40.066 42.541,34.337"];
}
