digraph tree {
	node [label="\N"];
	graph [bb="0,0,977,1260"];
	0 [pos="106,1241", width="0.75", height="0.52778"];
	2 [pos="526,865", width="0.75", height="0.52778"];
	6 [pos="474,959", width="0.75", height="0.52778"];
	14 [pos="513,395", width="0.75", height="0.52778"];
	13 [pos="604,301", width="0.75", height="0.52778"];
	15 [pos="495,489", width="0.75", height="0.52778"];
	12 [pos="737,19", width="0.75", height="0.52778"];
	11 [pos="418,583", width="0.75", height="0.52778"];
	10 [pos="440,113", width="0.75", height="0.52778"];
	9 [pos="785,207", width="0.75", height="0.52778"];
	8 [pos="833,113", width="0.75", height="0.52778"];
	5 [pos="434,1053", width="0.75", height="0.52778"];
	7 [pos="466,677", width="0.75", height="0.52778"];
	4 [pos="386,1147", width="0.75", height="0.52778"];
	1 [pos="134,771", width="0.75", height="0.52778"];
	3 [pos="539,771", width="0.75", height="0.52778"];
	5 -> 4 [label="  1.0", pos="e,382.39,1128.1 412.01,1064.4 402.51,1070.6 392.36,1079.2 387,1090 382.78,1098.5 381.58,1108.6 381.73,1118", lp="399.5,1100"];
	15 -> 11 [label="  1.0", pos="e,425.3,564.61 474.65,502.12 465.72,508.57 455.57,516.9 448,526 440.68,534.79 434.42,545.66 429.54,555.54", lp="460.5,536"];
	14 -> 15 [label="  1.0", pos="e,498.15,469.97 508.79,413.79 507.52,419.62 506.16,426.07 505,432 503.22,441.07 501.43,450.98 499.87,459.96", lp="517.5,442"];
	15 -> 14 [label="  1.0", pos="e,492.82,407.64 481.03,472.41 473.17,460.97 466.02,445.46 472,432 474.93,425.41 479.68,419.49 484.93,414.43", lp="484.5,442"];
	14 -> 13 [label="  1.0", pos="e,596.52,319.47 535.63,384.29 547.49,377.88 561.66,368.86 572,358 580.07,349.53 586.83,338.64 592.02,328.66", lp="597.5,348"];
	14 -> 10 [label="  1.0", pos="e,445.86,131.75 505.57,376.71 503.31,370.79 500.91,364.17 499,358 470.89,267.39 474.7,241.87 451,150 450.28,147.2 449.49,144.3 448.67\
,141.4", lp="487.5,254"];
	13 -> 14 [label="  1.0", pos="e,519.73,376.47 581.06,311.14 568.64,317.49 553.7,326.63 543,338 535.1,346.39 528.7,357.27 523.87,367.26", lp="555.5,348"];
	13 -> 12 [label="  1.0", pos="e,734.99,38.182 625.8,289.5 647.44,276.9 679.79,254.62 697,226 714.8,196.41 728.09,98.016 733.85,48.294", lp="730.5,160"];
	13 -> 9 [label="  1.0", pos="e,761.83,217.16 628.72,292.69 646.48,286.18 670.6,276.19 690,264 701.47,256.79 701.78,251.6 713,244 725.33,235.65 739.8,227.87 752.51\
,221.62", lp="725.5,254"];
	12 -> 13 [label="  1.0", pos="e,607.07,281.81 712.33,26.835 697.73,32.678 680,42.08 669,56 642.35,89.725 618.53,214.63 608.73,271.93", lp="645.5,160"];
	12 -> 8 [label="  1.0", pos="e,818.61,96.576 754.97,33.691 762.83,40.314 772.05,48.352 780,56 790.86,66.452 802.32,78.62 811.8,89.022", lp="811.5,66"];
	11 -> 15 [label="  1.0", pos="e,490.81,507.93 440.23,572.22 451.34,565.89 464.24,556.97 473,546 479.58,537.75 484.37,527.31 487.76,517.63", lp="495.5,536"];
	11 -> 10 [label="  1.0", pos="e,413.72,118.11 395.26,572.22 368.01,557.54 326,528.5 326,489 326,489 326,489 326,207 326,179.51 330.48,169.35 350,150 364.68,135.45\
 385.88,126.35 404.02,120.82", lp="338.5,348"];
	11 -> 7 [label="  1.0", pos="e,460.07,658.27 431.08,599.76 435.53,605.91 440.3,613.07 444,620 448.81,629 453.11,639.29 456.6,648.62", lp="465.5,630"];
	10 -> 14 [label="  1.0", pos="e,513.11,375.69 453.7,129.65 458.33,135.8 463.27,142.98 467,150 487.86,189.23 491.6,200.58 501,244 510.01,285.62 512.42,334.99 512.98\
,365.67", lp="516.5,254"];
	10 -> 11 [label="  1.0", pos="e,407.82,565.03 417.07,123.41 406.33,129.55 394.5,138.4 388,150 357.82,203.87 369.89,280.84 375,358 380.57,442.11 375.7,465.29 400\
,546 400.97,549.21 402.19,552.5 403.53,555.71", lp="387.5,348"];
	10 -> 9 [label="  1.0", pos="e,758.56,203.05 464.72,121.31 482.48,127.82 506.6,137.81 526,150 537.47,157.21 536.72,164.28 549,170 553.5,172.09 683.12,191.73 \
748.31,201.51", lp="561.5,160"];
	10 -> 6 [label="  1.0", pos="e,501.3,957.43 458.02,127.28 466.55,134.1 476.85,142.4 486,150 575.9,224.66 659,231.14 659,348 659,865 659,865 659,865 659,930.52\
 565.62,950.39 511.55,956.4", lp="671.5,536"];
	9 -> 13 [label="  1.0", pos="e,630.87,298.41 774.61,224.68 766.25,237.4 753.39,254.02 738,264 708.51,283.12 669.22,292.46 640.81,296.96", lp="770.5,254"];
	9 -> 10 [label="  1.0", pos="e,466.48,116.74 758.2,203.46 713.31,197.26 625.09,183.74 597,170 584.83,164.05 585.94,156.41 574,150 543.26,133.5 504.52,123.84 \
476.61,118.55", lp="609.5,160"];
	9 -> 8 [label="  1.0", pos="e,811.01,124.41 781.39,188.07 780.11,176.49 780.19,161.7 786,150 789.77,142.41 795.9,135.9 802.52,130.56", lp="798.5,160"];
	9 -> 5 [label="  1.0", pos="e,461.17,1051.8 807.45,217.75 818.39,224.01 830.9,232.89 839,244 854.57,265.36 856,274.56 856,301 856,959 856,959 856,959 856,988.5\
 846.93,1000.2 822,1016 792.78,1034.5 562.85,1047 471.36,1051.3", lp="868.5,630"];
	8 -> 12 [label="  1.0", pos="e,737.53,38.077 806.75,107.56 788.53,102.43 765.08,92.93 751,76 744.54,68.234 740.98,57.934 739.05,48.228", lp="763.5,66"];
	8 -> 9 [label="  1.0", pos="e,798.08,190.24 827.07,131.73 823.15,143.1 817.55,157.74 811,170 808.86,174 806.36,178.09 803.78,182.01", lp="832.5,160"];
	8 -> 4 [label="  1.0", pos="e,413.12,1145 852.4,126.51 873.42,142.9 904,172.64 904,207 904,1053 904,1053 904,1053 904,1101.9 541.89,1134.7 423.19,1144.2", lp="916.5,630"];
	7 -> 11 [label="  1.0", pos="e,412.44,601.7 443.16,666.67 432.54,660.55 420.96,651.69 415,640 410.65,631.47 410.01,621.26 410.9,611.85", lp="427.5,630"];
	7 -> 6 [label="  1.0", pos="e,458.96,942.94 453.35,694.11 434.56,721.53 402.37,777.39 411,828 418.44,871.65 422.41,883.35 444,922 446.44,926.37 449.41,930.75\
 452.51,934.88", lp="423.5,818"];
	7 -> 3 [label="  1.0", pos="e,518.41,758.07 471.95,695.69 476.29,707.46 483,722.54 492,734 497.14,740.55 503.67,746.62 510.22,751.88", lp="504.5,724"];
	6 -> 10 [label="  1.0", pos="e,413.28,115.96 447.95,953.73 424.54,948.22 389.82,938.1 363,922 291.13,878.86 250,854.82 250,771 250,771 250,771 250,207 250,179.51\
 252.9,167.62 274,150 293.31,133.87 360.5,122.82 403.24,117.23", lp="262.5,536"];
	6 -> 7 [label="  1.0", pos="e,466.54,696.15 473.45,939.62 472.07,891.1 468.47,764.2 466.83,706.42", lp="482.5,818"];
	6 -> 5 [label="  1.0", pos="e,454.66,1040.5 478.74,977.78 480.68,989.31 481.38,1004.1 476,1016 472.92,1022.8 467.89,1028.9 462.37,1034", lp="492.5,1006"];
	6 -> 2 [label="  1.0", pos="e,509.08,880.34 477.75,940.18 480.57,928.64 485.14,913.86 492,902 494.84,897.09 498.43,892.29 502.21,887.86", lp="504.5,912"];
	5 -> 9 [label="  1.0", pos="e,799.56,223.13 461.07,1051.7 538.7,1047.8 758.22,1035.1 784,1016 806.07,999.61 808,986.49 808,959 808,959 808,959 808,677 808,493.44\
 810.33,447.56 811,264 811.03,255.11 813.68,252.48 811,244 809.67,239.79 807.67,235.64 805.35,231.74", lp="820.5,630"];
	5 -> 1 [label="  1.0", pos="e,135.98,790.15 406.95,1052.2 351.54,1050 227.67,1042.3 196,1016 162.89,988.47 144.11,859.13 137.14,800.28", lp="169.5,912"];
	5 -> 6 [label="  1.0", pos="e,459.81,975.41 436.37,1033.9 438.26,1022.5 441.53,1008 447,996 448.91,991.82 451.33,987.63 453.93,983.67", lp="459.5,1006"];
	4 -> 8 [label="  1.0", pos="e,857.95,120.31 412.99,1145.4 492.07,1140.5 722.28,1125.4 796,1110 868.26,1094.9 952,1126.8 952,1053 952,1053 952,1053 952,207 952\
,163.56 902.57,137.07 867.43,123.72", lp="964.5,630"];
	4 -> 5 [label="  1.0", pos="e,428.07,1071.7 399.08,1130.2 403.53,1124.1 408.3,1116.9 412,1110 416.81,1101 421.11,1090.7 424.6,1081.4", lp="433.5,1100"];
	4 -> 0 [label="  1.0", pos="e,132.22,1236.4 364.4,1158.4 339.89,1171 298.44,1191.1 261,1204 221.27,1217.7 174.15,1228.1 142.37,1234.4", lp="322.5,1194"];
	3 -> 7 [label="  1.0", pos="e,487.62,688.74 534.68,752.18 531.29,740.35 525.67,725.27 517,714 511.34,706.65 503.84,700.1 496.33,694.64", lp="539.5,724"];
	3 -> 2 [label="  1.0", pos="e,514.13,847.93 521.81,785.89 515.94,792.06 510.08,799.72 507,808 503.29,817.97 505.55,829.04 509.61,838.76", lp="519.5,818"];
	2 -> 6 [label="  1.0", pos="e,494.41,946.2 526.24,884.03 525.63,895.65 523.44,910.45 517,922 513.31,928.62 507.95,934.61 502.26,939.74", lp="535.5,912"];
	2 -> 3 [label="  1.0", pos="e,536.85,790.02 529.25,845.82 530.19,840.09 531.17,833.8 532,828 533.29,818.92 534.56,809 535.65,800.03", lp="546.5,818"];
	2 -> 1 [label=" 10.0", pos="e,158.82,779.12 499,863.23 453.74,859.74 360.07,850.28 284,828 263,821.85 259.34,816.09 239,808 215.69,798.73 189.04,789.35 168.41\
,782.36", lp="298,818"];
	1 -> 5 [label="  1.0", pos="e,406.79,1051.1 144.21,788.85 147.49,794.85 151.04,801.64 154,808 164.48,830.52 216.84,1000.2 236,1016 259.98,1035.8 346.21,1045.9\
 396.61,1050.3", lp="207.5,912"];
	1 -> 2 [label=" 10.0", pos="e,499.46,860.57 160.64,774.92 195.79,780.45 259.38,791.73 312,808 334.08,814.83 337.97,821.01 360,828 403.74,841.87 455.56,852.54\
 489.52,858.78", lp="374,818"];
	1 -> 0 [label="  1.0", pos="e,89.224,1225.8 110.9,781.14 98.665,787.44 84.122,796.53 74,808 55.575,828.88 48,837.16 48,865 48,1147 48,1147 48,1147 48,1174.4\
 66.119,1200.6 82.103,1218.3", lp="60.5,1006"];
	0 -> 4 [label="  1.0", pos="e,359.05,1150 125.45,1227.8 145.35,1214.8 177.59,1195.4 208,1184 254.96,1166.5 312.17,1156.4 348.83,1151.4", lp="220.5,1194"];
	0 -> 1 [label="  1.0", pos="e,108.16,776.72 81.947,1232.1 50.673,1218.8 0,1190.5 0,1147 0,1147 0,1147 0,865 0,816.8 58.831,791.2 98.53,779.42", lp="12.5,1006"];
	1 -> 0 [color=blue, pos="e,92.908,1224.4 114.87,784.64 100.94,802.59 88,835.37 88,865 88,1147 88,1147 88,1147 88,1169.8 88,1195.6 90.907,1214.4"];
	1 -> 5 [color=blue, pos="e,414.2,1040 150.7,786.43 157.49,792.91 165.3,800.65 172,808 215.85,856.13 217.45,876.48 264,922 309.8,966.79 370.76,1010.5 405.86\
,1034.4"];
	5 -> 6 [color=blue, pos="e,454.62,972.68 431.21,1034 430.35,1022.5 430.75,1007.9 436,996 438.64,990.03 442.73,984.53 447.27,979.7"];
	6 -> 2 [color=blue, pos="e,541.79,881.08 500.24,954.12 518.19,949.27 540.7,939.86 552,922 558.45,911.8 554.43,899.74 547.8,889.34"];
	6 -> 10 [color=blue, pos="e,413.52,117.03 454.46,945.8 445.9,939.34 436.19,931.02 429,922 417.23,907.24 416.77,901.63 410,884 336.98,693.74 288,645.79 288\
,442 288,442 288,442 288,207 288,152.88 358.55,128.87 403.53,119.07"];
	10 -> 14 [color=blue, pos="e,500.7,377.78 441.83,132.14 445.66,169.04 455.82,252.32 475,320 479.91,337.32 480.94,341.91 489,358 490.84,361.67 492.96,365.42\
 495.16,369.07"];
	14 -> 13 [color=blue, pos="e,613.48,318.92 538.87,389.09 565.77,382.35 605.18,370.63 614,358 619.96,349.48 619.46,338.53 616.76,328.51"];
	14 -> 15 [color=blue, pos="e,513.4,474.75 524.26,412.48 530.15,423.9 535.16,439.05 530,452 527.78,457.58 524.27,462.8 520.32,467.46"];
	13 -> 12 [color=blue, pos="e,728.38,37.284 612.52,282.93 635.18,234.9 697,103.8 724.05,46.464"];
	10 -> 11 [color=blue, pos="e,418.89,563.99 439.1,132.24 435.68,205.35 423.47,466.17 419.36,553.94"];
	5 -> 9 [color=blue, pos="e,785.68,226 460.93,1051.3 540.66,1045.4 770,1023.1 770,959 770,959 770,959 770,677 770,493.31 782.44,447.66 786,264 786.18,254.9\
 786.1,244.97 785.92,236"];
	12 -> 8 [color=blue, pos="e,836.04,94.066 763.92,22.358 784.93,26.501 813.01,35.695 828,56 833.85,63.923 835.92,74.257 836.26,83.948"];
	6 -> 7 [color=blue, pos="e,491.97,682.43 500.96,955.82 522.41,951.78 551.35,942.63 567,922 597.74,881.48 577.91,858.85 577,808 576.24,765.2 587.36,743.14\
 556,714 540.86,699.93 519.63,690.86 501.6,685.22"];
	0 -> 4 [color=blue, pos="e,359.69,1152.1 132.24,1236.1 158.6,1230.5 199.94,1220 233,1204 246.76,1197.3 247.26,1190.7 261,1184 289.42,1170.1 324.06,1160.4\
 349.66,1154.4"];
	2 -> 3 [color=blue, pos="e,553.21,787.44 545.04,851.29 552.07,845.07 559.25,837.06 563,828 567.34,817.52 564.01,805.98 558.6,796.04"];
	1 -> 0 [color=red, pos="e,106,1221.9 125.14,789.25 116.94,807.85 106,837.76 106,865 106,1147 106,1147 106,1147 106,1168.7 106,1193.2 106,1211.7"];
	1 -> 0 [color=red, pos="e,119.09,1224.4 138.6,789.95 134.67,808.59 124,838.1 124,865 124,1147 124,1147 124,1147 124,1169.8 124,1195.6 121.09,1214.4"];
}
